<?xml version="1.0" encoding="UTF-8"?>
<!-- Generated by org.testng.reporters.JUnitReportReporter -->
<testsuite skipped="0" hostname="DESKTOP-CNF0L2U" name="webAutomation.Elearning.unitbv.TestSuite.RunnerLoginTest" tests="1" failures="0" timestamp="2022-06-19T14:02:14 EEST" time="25.264" errors="0">
  <testcase name="runner" time="25.264" classname="webAutomation.Elearning.unitbv.TestSuite.RunnerLoginTest"/>
  <system-out/>
</testsuite> <!-- webAutomation.Elearning.unitbv.TestSuite.RunnerLoginTest -->
