<?xml version="1.0" encoding="UTF-8"?>
<!-- Generated by org.testng.reporters.JUnitReportReporter -->
<testsuite skipped="0" hostname="DESKTOP-CNF0L2U" name="webAutomation.Elearning.unitbv.TestSuite.RunnerLoginTest" tests="2" failures="0" timestamp="2022-06-16T23:02:28 EEST" time="39.366" errors="0">
  <testcase name="runner" time="18.673" classname="webAutomation.Elearning.unitbv.TestSuite.RunnerLoginTest"/>
  <system-out/>
  <testcase name="runner" time="20.693" classname="webAutomation.Elearning.unitbv.TestSuite.RunnerLoginTest"/>
  <system-out/>
</testsuite> <!-- webAutomation.Elearning.unitbv.TestSuite.RunnerLoginTest -->
