<?xml version="1.0" encoding="UTF-8"?>
<!-- Generated by org.testng.reporters.JUnitReportReporter -->
<testsuite skipped="0" hostname="DESKTOP-CNF0L2U" name="webAutomation.Elearning.unitbv.TestSuite.RunnerGradeTest" tests="1" failures="0" timestamp="2022-06-19T14:02:14 EEST" time="32.537" errors="0">
  <testcase name="runner_grade" time="32.537" classname="webAutomation.Elearning.unitbv.TestSuite.RunnerGradeTest"/>
  <system-out/>
</testsuite> <!-- webAutomation.Elearning.unitbv.TestSuite.RunnerGradeTest -->
