<?xml version="1.0" encoding="UTF-8"?>
<!-- Generated by org.testng.reporters.JUnitReportReporter -->
<testsuite skipped="0" hostname="DESKTOP-CNF0L2U" name="webAutomation.Elearning.unitbv.TestSuite.RunnerCalenderEventTest" tests="3" failures="0" timestamp="2022-06-12T13:00:59 EEST" time="159.124" errors="0">
  <testcase name="runner_calender" time="52.362" classname="webAutomation.Elearning.unitbv.TestSuite.RunnerCalenderEventTest"/>
  <system-out/>
  <testcase name="runner_calender" time="55.512" classname="webAutomation.Elearning.unitbv.TestSuite.RunnerCalenderEventTest"/>
  <system-out/>
  <testcase name="runner_calender" time="51.250" classname="webAutomation.Elearning.unitbv.TestSuite.RunnerCalenderEventTest"/>
  <system-out/>
</testsuite> <!-- webAutomation.Elearning.unitbv.TestSuite.RunnerCalenderEventTest -->
