<?xml version="1.0" encoding="UTF-8"?>
<!-- Generated by org.testng.reporters.JUnitReportReporter -->
<testsuite skipped="0" hostname="DESKTOP-CNF0L2U" name="webAutomation.Elearning.unitbv.TestSuite.RunnerPostMessageTest" tests="1" failures="0" timestamp="2022-06-19T10:10:43 EEST" time="46.833" errors="0">
  <testcase name="runner_postAnnouncement" time="46.833" classname="webAutomation.Elearning.unitbv.TestSuite.RunnerPostMessageTest"/>
  <system-out/>
</testsuite> <!-- webAutomation.Elearning.unitbv.TestSuite.RunnerPostMessageTest -->
