<?xml version="1.0" encoding="UTF-8"?>
<!-- Generated by org.testng.reporters.JUnitReportReporter -->
<testsuite skipped="0" hostname="DESKTOP-CNF0L2U" name="webAutomation.Elearning.unitbv.TestSuite.RunnerLoginTest" tests="4" failures="0" timestamp="2022-06-13T22:22:11 EEST" time="67.961" errors="0">
  <testcase name="runner" time="18.771" classname="webAutomation.Elearning.unitbv.TestSuite.RunnerLoginTest"/>
  <system-out/>
  <testcase name="runner" time="18.709" classname="webAutomation.Elearning.unitbv.TestSuite.RunnerLoginTest"/>
  <system-out/>
  <testcase name="runner" time="12.889" classname="webAutomation.Elearning.unitbv.TestSuite.RunnerLoginTest"/>
  <system-out/>
  <testcase name="runner" time="17.592" classname="webAutomation.Elearning.unitbv.TestSuite.RunnerLoginTest"/>
  <system-out/>
</testsuite> <!-- webAutomation.Elearning.unitbv.TestSuite.RunnerLoginTest -->
