<?xml version="1.0" encoding="UTF-8"?>
<!-- Generated by org.testng.reporters.JUnitReportReporter -->
<testsuite skipped="0" hostname="DESKTOP-CNF0L2U" name="webAutomation.Elearning.unitbv.TestSuite.RunnerLoginTest" tests="3" failures="0" timestamp="2022-06-12T12:56:39 EEST" time="53.006" errors="0">
  <testcase name="runner" time="16.263" classname="webAutomation.Elearning.unitbv.TestSuite.RunnerLoginTest"/>
  <system-out/>
  <testcase name="runner" time="20.290" classname="webAutomation.Elearning.unitbv.TestSuite.RunnerLoginTest"/>
  <system-out/>
  <testcase name="runner" time="16.453" classname="webAutomation.Elearning.unitbv.TestSuite.RunnerLoginTest"/>
  <system-out/>
</testsuite> <!-- webAutomation.Elearning.unitbv.TestSuite.RunnerLoginTest -->
