<?xml version="1.0" encoding="UTF-8"?>
<!-- Generated by org.testng.reporters.JUnitReportReporter -->
<testsuite skipped="3" hostname="DESKTOP-CNF0L2U" name="webAutomation.Elearning.unitbv.TestSuite.TestRunner" tests="4" failures="0" timestamp="2022-06-12T16:38:03 EEST" time="29.544" errors="0">
  <testcase name="runner_grade" time="29.544" classname="webAutomation.Elearning.unitbv.TestSuite.TestRunner"/>
  <system-out/>
  <testcase name="runner" time="0.000" classname="webAutomation.Elearning.unitbv.TestSuite.TestRunner">
    <skipped/>
  </testcase> <!-- runner -->
  <system-out/>
  <testcase name="runner_calender" time="0.000" classname="webAutomation.Elearning.unitbv.TestSuite.TestRunner">
    <skipped/>
  </testcase> <!-- runner_calender -->
  <system-out/>
  <testcase name="runner_postAnnouncement" time="0.000" classname="webAutomation.Elearning.unitbv.TestSuite.TestRunner">
    <skipped/>
  </testcase> <!-- runner_postAnnouncement -->
  <system-out/>
</testsuite> <!-- webAutomation.Elearning.unitbv.TestSuite.TestRunner -->
