<?xml version="1.0" encoding="UTF-8"?>
<!-- Generated by org.testng.reporters.JUnitReportReporter -->
<testsuite skipped="0" hostname="DESKTOP-CNF0L2U" name="webAutomation.Elearning.unitbv.TestSuite.RunnerPostMessageTest" tests="3" failures="0" timestamp="2022-06-12T14:12:55 EEST" time="163.853" errors="0">
  <testcase name="runner_postAnnouncement" time="53.686" classname="webAutomation.Elearning.unitbv.TestSuite.RunnerPostMessageTest"/>
  <system-out/>
  <testcase name="runner_postAnnouncement" time="56.828" classname="webAutomation.Elearning.unitbv.TestSuite.RunnerPostMessageTest"/>
  <system-out/>
  <testcase name="runner_postAnnouncement" time="53.339" classname="webAutomation.Elearning.unitbv.TestSuite.RunnerPostMessageTest"/>
  <system-out/>
</testsuite> <!-- webAutomation.Elearning.unitbv.TestSuite.RunnerPostMessageTest -->
