<?xml version="1.0" encoding="UTF-8"?>
<!-- Generated by org.testng.reporters.JUnitReportReporter -->
<testsuite skipped="0" hostname="DESKTOP-CNF0L2U" name="webAutomation.Elearning.unitbv.TestSuite.TestRunner" tests="4" failures="0" timestamp="2022-06-12T02:40:01 EEST" time="139.851" errors="0">
  <testcase name="runner" time="15.184" classname="webAutomation.Elearning.unitbv.TestSuite.TestRunner"/>
  <system-out/>
  <testcase name="runner_grade" time="26.545" classname="webAutomation.Elearning.unitbv.TestSuite.TestRunner"/>
  <system-out/>
  <testcase name="runner_calender" time="50.436" classname="webAutomation.Elearning.unitbv.TestSuite.TestRunner"/>
  <system-out/>
  <testcase name="runner_postAnnouncement" time="47.686" classname="webAutomation.Elearning.unitbv.TestSuite.TestRunner"/>
  <system-out/>
</testsuite> <!-- webAutomation.Elearning.unitbv.TestSuite.TestRunner -->
