<?xml version="1.0" encoding="UTF-8"?>
<!-- Generated by org.testng.reporters.JUnitReportReporter -->
<testsuite skipped="0" hostname="DESKTOP-CNF0L2U" name="webAutomation.Elearning.unitbv.TestSuite.RunnerGradeTest" tests="1" failures="0" timestamp="2022-06-13T22:49:53 EEST" time="40.884" errors="0">
  <testcase name="runner_grade" time="40.884" classname="webAutomation.Elearning.unitbv.TestSuite.RunnerGradeTest"/>
  <system-out/>
</testsuite> <!-- webAutomation.Elearning.unitbv.TestSuite.RunnerGradeTest -->
