<?xml version="1.0" encoding="UTF-8"?>
<!-- Generated by org.testng.reporters.JUnitReportReporter -->
<testsuite skipped="0" hostname="DESKTOP-CNF0L2U" name="webAutomation.Elearning.unitbv.TestSuite.RunnerCalendarEventTest" tests="1" failures="0" timestamp="2022-06-18T23:08:11 EEST" time="70.548" errors="0">
  <testcase name="runner_calender" time="70.548" classname="webAutomation.Elearning.unitbv.TestSuite.RunnerCalendarEventTest"/>
  <system-out/>
</testsuite> <!-- webAutomation.Elearning.unitbv.TestSuite.RunnerCalendarEventTest -->
