<?xml version="1.0" encoding="UTF-8"?>
<!-- Generated by org.testng.reporters.JUnitReportReporter -->
<testsuite skipped="0" hostname="DESKTOP-CNF0L2U" name="webAutomation.Elearning.unitbv.TestSuite.RunnerLoginTest" tests="1" failures="0" timestamp="2022-06-18T23:08:11 EEST" time="37.215" errors="0">
  <testcase name="runner" time="37.215" classname="webAutomation.Elearning.unitbv.TestSuite.RunnerLoginTest"/>
  <system-out/>
</testsuite> <!-- webAutomation.Elearning.unitbv.TestSuite.RunnerLoginTest -->
