<?xml version="1.0" encoding="UTF-8"?>
<!-- Generated by org.testng.reporters.JUnitReportReporter -->
<testsuite hostname="DESKTOP-CNF0L2U" failures="0" tests="1" name="webAutomation.Elearning.unitbv.TestSuite.RunnerCalendarEventTest" time="41.380" errors="0" timestamp="2022-08-10T17:31:23 EEST" skipped="0">
  <testcase classname="webAutomation.Elearning.unitbv.TestSuite.RunnerCalendarEventTest" name="runner_calender" time="41.380"/>
  <system-out/>
</testsuite> <!-- webAutomation.Elearning.unitbv.TestSuite.RunnerCalendarEventTest -->
