<?xml version="1.0" encoding="UTF-8"?>
<!-- Generated by org.testng.reporters.JUnitReportReporter -->
<testsuite hostname="DESKTOP-CNF0L2U" failures="0" tests="1" name="webAutomation.Elearning.unitbv.TestSuite.RunnerPostMessageTest" time="47.688" errors="0" timestamp="2022-06-26T11:35:05 EEST" skipped="0">
  <testcase classname="webAutomation.Elearning.unitbv.TestSuite.RunnerPostMessageTest" name="runner_postAnnouncement" time="47.688"/>
  <system-out/>
</testsuite> <!-- webAutomation.Elearning.unitbv.TestSuite.RunnerPostMessageTest -->
