<?xml version="1.0" encoding="UTF-8"?>
<!-- Generated by org.testng.reporters.JUnitReportReporter -->
<testsuite hostname="DESKTOP-CNF0L2U" failures="0" tests="1" name="webAutomation.Elearning.unitbv.TestSuite.RunnerGradeTest" time="29.033" errors="0" timestamp="2022-08-10T17:31:23 EEST" skipped="0">
  <testcase classname="webAutomation.Elearning.unitbv.TestSuite.RunnerGradeTest" name="runner_grade" time="29.033"/>
  <system-out/>
</testsuite> <!-- webAutomation.Elearning.unitbv.TestSuite.RunnerGradeTest -->
