<?xml version="1.0" encoding="UTF-8"?>
<!-- Generated by org.testng.reporters.JUnitReportReporter -->
<testsuite skipped="0" hostname="DESKTOP-CNF0L2U" name="webAutomation.Elearning.unitbv.TestSuite.RunnerCalendarEventTest" tests="2" failures="0" timestamp="2022-06-13T21:02:08 EEST" time="106.149" errors="0">
  <testcase name="runner_calender" time="55.433" classname="webAutomation.Elearning.unitbv.TestSuite.RunnerCalendarEventTest"/>
  <system-out/>
  <testcase name="runner_calender" time="50.716" classname="webAutomation.Elearning.unitbv.TestSuite.RunnerCalendarEventTest"/>
  <system-out/>
</testsuite> <!-- webAutomation.Elearning.unitbv.TestSuite.RunnerCalendarEventTest -->
