<?xml version="1.0" encoding="UTF-8"?>
<!-- Generated by org.testng.reporters.JUnitReportReporter -->
<testsuite skipped="0" hostname="DESKTOP-CNF0L2U" name="webAutomation.Elearning.unitbv.TestSuite.RunnerCalendarEventTest" tests="1" failures="0" timestamp="2022-06-16T23:02:28 EEST" time="67.769" errors="0">
  <testcase name="runner_calender" time="67.769" classname="webAutomation.Elearning.unitbv.TestSuite.RunnerCalendarEventTest"/>
  <system-out/>
</testsuite> <!-- webAutomation.Elearning.unitbv.TestSuite.RunnerCalendarEventTest -->
