<?xml version="1.0" encoding="UTF-8"?>
<!-- Generated by org.testng.reporters.JUnitReportReporter -->
<testsuite hostname="DESKTOP-CNF0L2U" failures="0" tests="1" name="webAutomation.Elearning.unitbv.TestSuite.RunnerCalendarEventTest" time="52.497" errors="0" timestamp="2022-06-26T11:35:05 EEST" skipped="0">
  <testcase classname="webAutomation.Elearning.unitbv.TestSuite.RunnerCalendarEventTest" name="runner_calender" time="52.497"/>
  <system-out/>
</testsuite> <!-- webAutomation.Elearning.unitbv.TestSuite.RunnerCalendarEventTest -->
